-------------------------------------------------------------------------------
Test set: com.dailycodebuffer.spring.data.jpa.tutorial.repository.CourseRepositoryTest
-------------------------------------------------------------------------------
Tests run: 6, Failures: 0, Errors: 4, Skipped: 0, Time elapsed: 3.427 s <<< FAILURE! - in com.dailycodebuffer.spring.data.jpa.tutorial.repository.CourseRepositoryTest
findAllSorting  Time elapsed: 0.453 s  <<< ERROR!
org.hibernate.LazyInitializationException: failed to lazily initialize a collection of role: com.dailycodebuffer.spring.data.jpa.tutorial.entity.Course.students, could not initialize proxy - no Session
	at com.dailycodebuffer.spring.data.jpa.tutorial.repository.CourseRepositoryTest.findAllSorting(CourseRepositoryTest.java:99)

saveCourseWithStudentAndTeacher  Time elapsed: 0.848 s  <<< ERROR!
org.springframework.dao.DataIntegrityViolationException: could not execute statement; SQL [n/a]; constraint [tbl_student.emailid_unique]; nested exception is org.hibernate.exception.ConstraintViolationException: could not execute statement
	at com.dailycodebuffer.spring.data.jpa.tutorial.repository.CourseRepositoryTest.saveCourseWithStudentAndTeacher(CourseRepositoryTest.java:138)
Caused by: org.hibernate.exception.ConstraintViolationException: could not execute statement
	at com.dailycodebuffer.spring.data.jpa.tutorial.repository.CourseRepositoryTest.saveCourseWithStudentAndTeacher(CourseRepositoryTest.java:138)
Caused by: java.sql.SQLIntegrityConstraintViolationException: Duplicate entry 'abhishek@gmail.com' for key 'tbl_student.emailid_unique'
	at com.dailycodebuffer.spring.data.jpa.tutorial.repository.CourseRepositoryTest.saveCourseWithStudentAndTeacher(CourseRepositoryTest.java:138)

findAllPagination  Time elapsed: 0.935 s  <<< ERROR!
org.hibernate.LazyInitializationException: failed to lazily initialize a collection of role: com.dailycodebuffer.spring.data.jpa.tutorial.entity.Course.students, could not initialize proxy - no Session
	at com.dailycodebuffer.spring.data.jpa.tutorial.repository.CourseRepositoryTest.findAllPagination(CourseRepositoryTest.java:69)

printCourses  Time elapsed: 0.481 s  <<< ERROR!
org.hibernate.LazyInitializationException: failed to lazily initialize a collection of role: com.dailycodebuffer.spring.data.jpa.tutorial.entity.Course.students, could not initialize proxy - no Session
	at com.dailycodebuffer.spring.data.jpa.tutorial.repository.CourseRepositoryTest.printCourses(CourseRepositoryTest.java:26)

