<?xml version="1.0" encoding="UTF-8"?>
<testsuite xmlns:xsi="http://www.w3.org/2001/XMLSchema-instance" xsi:noNamespaceSchemaLocation="https://maven.apache.org/surefire/maven-surefire-plugin/xsd/surefire-test-report.xsd" name="com.dailycodebuffer.spring.data.jpa.tutorial.repository.CourseRepositoryTest" time="3.427" tests="6" errors="4" skipped="0" failures="0">
  <properties>
[...]
</properties>
  <testcase name="findAllSorting" classname="com.dailycodebuffer.spring.data.jpa.tutorial.repository.CourseRepositoryTest" time="0.453">
    <error message="failed to lazily initialize a collection of role: com.dailycodebuffer.spring.data.jpa.tutorial.entity.Course.students, could not initialize proxy - no Session" type="org.hibernate.LazyInitializationException">org.hibernate.LazyInitializationException: failed to lazily initialize a collection of role: com.dailycodebuffer.spring.data.jpa.tutorial.entity.Course.students, could not initialize proxy - no Session
	at com.dailycodebuffer.spring.data.jpa.tutorial.repository.CourseRepositoryTest.findAllSorting(CourseRepositoryTest.java:99)
</error>
    <system-out><![CDATA[2024-01-06 17:47:23.101  INFO 9904 --- [           main] .b.t.c.SpringBootTestContextBootstrapper : Neither @ContextConfiguration nor @ContextHierarchy found for test class [com.dailycodebuffer.spring.data.jpa.tutorial.repository.CourseRepositoryTest], using SpringBootContextLoader
2024-01-06 17:47:23.101  INFO 9904 --- [           main] o.s.t.c.support.AbstractContextLoader    : Could not detect default resource locations for test class [com.dailycodebuffer.spring.data.jpa.tutorial.repository.CourseRepositoryTest]: no resource found for suffixes {-context.xml, Context.groovy}.
2024-01-06 17:47:23.101  INFO 9904 --- [           main] t.c.s.AnnotationConfigContextLoaderUtils : Could not detect default configuration classes for test class [com.dailycodebuffer.spring.data.jpa.tutorial.repository.CourseRepositoryTest]: CourseRepositoryTest does not declare any static, non-private, non-final, nested classes annotated with @Configuration.
2024-01-06 17:47:23.102  INFO 9904 --- [           main] .b.t.c.SpringBootTestContextBootstrapper : Found @SpringBootConfiguration com.dailycodebuffer.spring.data.jpa.tutorial.SpringDataJpaTutorialApplication for test class com.dailycodebuffer.spring.data.jpa.tutorial.repository.CourseRepositoryTest
2024-01-06 17:47:23.103  INFO 9904 --- [           main] .b.t.c.SpringBootTestContextBootstrapper : Loaded default TestExecutionListener class names from location [META-INF/spring.factories]: [org.springframework.boot.test.mock.mockito.MockitoTestExecutionListener, org.springframework.boot.test.mock.mockito.ResetMocksTestExecutionListener, org.springframework.boot.test.autoconfigure.restdocs.RestDocsTestExecutionListener, org.springframework.boot.test.autoconfigure.web.client.MockRestServiceServerResetTestExecutionListener, org.springframework.boot.test.autoconfigure.web.servlet.MockMvcPrintOnlyOnFailureTestExecutionListener, org.springframework.boot.test.autoconfigure.web.servlet.WebDriverTestExecutionListener, org.springframework.boot.test.autoconfigure.webservices.client.MockWebServiceServerTestExecutionListener, org.springframework.test.context.web.ServletTestExecutionListener, org.springframework.test.context.support.DirtiesContextBeforeModesTestExecutionListener, org.springframework.test.context.event.ApplicationEventsTestExecutionListener, org.springframework.test.context.support.DependencyInjectionTestExecutionListener, org.springframework.test.context.support.DirtiesContextTestExecutionListener, org.springframework.test.context.transaction.TransactionalTestExecutionListener, org.springframework.test.context.jdbc.SqlScriptsTestExecutionListener, org.springframework.test.context.event.EventPublishingTestExecutionListener]
2024-01-06 17:47:23.103  INFO 9904 --- [           main] .b.t.c.SpringBootTestContextBootstrapper : Using TestExecutionListeners: [org.springframework.test.context.web.ServletTestExecutionListener@35599228, org.springframework.test.context.support.DirtiesContextBeforeModesTestExecutionListener@51ac72f7, org.springframework.test.context.event.ApplicationEventsTestExecutionListener@15324f25, org.springframework.boot.test.mock.mockito.MockitoTestExecutionListener@7b9f7087, org.springframework.boot.test.autoconfigure.SpringBootDependencyInjectionTestExecutionListener@22e650e, org.springframework.test.context.support.DirtiesContextTestExecutionListener@30a79476, org.springframework.test.context.transaction.TransactionalTestExecutionListener@376bae20, org.springframework.test.context.jdbc.SqlScriptsTestExecutionListener@37f0fb02, org.springframework.test.context.event.EventPublishingTestExecutionListener@4687fee7, org.springframework.boot.test.mock.mockito.ResetMocksTestExecutionListener@4a0fc665, org.springframework.boot.test.autoconfigure.restdocs.RestDocsTestExecutionListener@207f7baa, org.springframework.boot.test.autoconfigure.web.client.MockRestServiceServerResetTestExecutionListener@1067bc4c, org.springframework.boot.test.autoconfigure.web.servlet.MockMvcPrintOnlyOnFailureTestExecutionListener@69ee0861, org.springframework.boot.test.autoconfigure.web.servlet.WebDriverTestExecutionListener@5de6c7d7, org.springframework.boot.test.autoconfigure.webservices.client.MockWebServiceServerTestExecutionListener@69f55ea]
Hibernate: select course0_.course_id as course_i1_1_, course0_.credit as credit2_1_, course0_.teacher_id as teacher_4_1_, course0_.title as title3_1_ from course course0_ order by course0_.title asc limit ?
Hibernate: select teacher0_.teacher_id as teacher_1_7_0_, teacher0_.first_name as first_na2_7_0_, teacher0_.last_name as last_nam3_7_0_ from teacher teacher0_ where teacher0_.teacher_id=?
Hibernate: select coursemate0_.course_material_id as course_m1_2_0_, coursemate0_.course_id as course_i3_2_0_, coursemate0_.url as url2_2_0_ from course_material coursemate0_ where coursemate0_.course_id=?
Hibernate: select teacher0_.teacher_id as teacher_1_7_0_, teacher0_.first_name as first_na2_7_0_, teacher0_.last_name as last_nam3_7_0_ from teacher teacher0_ where teacher0_.teacher_id=?
Hibernate: select coursemate0_.course_material_id as course_m1_2_0_, coursemate0_.course_id as course_i3_2_0_, coursemate0_.url as url2_2_0_ from course_material coursemate0_ where coursemate0_.course_id=?
Hibernate: select count(course0_.course_id) as col_0_0_ from course course0_
]]></system-out>
  </testcase>
  <testcase name="saveCourseWithTeacher" classname="com.dailycodebuffer.spring.data.jpa.tutorial.repository.CourseRepositoryTest" time="0.649"/>
  <testcase name="saveCourseWithStudentAndTeacher" classname="com.dailycodebuffer.spring.data.jpa.tutorial.repository.CourseRepositoryTest" time="0.848">
    <error message="could not execute statement; SQL [n/a]; constraint [tbl_student.emailid_unique]; nested exception is org.hibernate.exception.ConstraintViolationException: could not execute statement" type="org.springframework.dao.DataIntegrityViolationException">org.springframework.dao.DataIntegrityViolationException: could not execute statement; SQL [n/a]; constraint [tbl_student.emailid_unique]; nested exception is org.hibernate.exception.ConstraintViolationException: could not execute statement
	at com.dailycodebuffer.spring.data.jpa.tutorial.repository.CourseRepositoryTest.saveCourseWithStudentAndTeacher(CourseRepositoryTest.java:138)
Caused by: org.hibernate.exception.ConstraintViolationException: could not execute statement
	at com.dailycodebuffer.spring.data.jpa.tutorial.repository.CourseRepositoryTest.saveCourseWithStudentAndTeacher(CourseRepositoryTest.java:138)
Caused by: java.sql.SQLIntegrityConstraintViolationException: Duplicate entry 'abhishek@gmail.com' for key 'tbl_student.emailid_unique'
	at com.dailycodebuffer.spring.data.jpa.tutorial.repository.CourseRepositoryTest.saveCourseWithStudentAndTeacher(CourseRepositoryTest.java:138)
</error>
    <system-out><![CDATA[Hibernate: select next_val as id_val from hibernate_sequence for update
Hibernate: update hibernate_sequence set next_val= ? where next_val=?
Hibernate: select next_val as id_val from hibernate_sequence for update
Hibernate: update hibernate_sequence set next_val= ? where next_val=?
Hibernate: select next_val as id_val from hibernate_sequence for update
Hibernate: update hibernate_sequence set next_val= ? where next_val=?
Hibernate: insert into teacher (first_name, last_name, teacher_id) values (?, ?, ?)
Hibernate: insert into course (credit, teacher_id, title, course_id) values (?, ?, ?, ?)
Hibernate: insert into tbl_student (email_address, first_name, guardian_email, guardian_mobile, guardian_name, last_name, student_id) values (?, ?, ?, ?, ?, ?, ?)
2024-01-06 17:47:24.977  WARN 9904 --- [           main] o.h.engine.jdbc.spi.SqlExceptionHelper   : SQL Error: 1062, SQLState: 23000
2024-01-06 17:47:24.977 ERROR 9904 --- [           main] o.h.engine.jdbc.spi.SqlExceptionHelper   : Duplicate entry 'abhishek@gmail.com' for key 'tbl_student.emailid_unique'
]]></system-out>
  </testcase>
  <testcase name="findAllPagination" classname="com.dailycodebuffer.spring.data.jpa.tutorial.repository.CourseRepositoryTest" time="0.935">
    <error message="failed to lazily initialize a collection of role: com.dailycodebuffer.spring.data.jpa.tutorial.entity.Course.students, could not initialize proxy - no Session" type="org.hibernate.LazyInitializationException">org.hibernate.LazyInitializationException: failed to lazily initialize a collection of role: com.dailycodebuffer.spring.data.jpa.tutorial.entity.Course.students, could not initialize proxy - no Session
	at com.dailycodebuffer.spring.data.jpa.tutorial.repository.CourseRepositoryTest.findAllPagination(CourseRepositoryTest.java:69)
</error>
    <system-out><![CDATA[Hibernate: select course0_.course_id as course_i1_1_, course0_.credit as credit2_1_, course0_.teacher_id as teacher_4_1_, course0_.title as title3_1_ from course course0_ limit ?, ?
Hibernate: select teacher0_.teacher_id as teacher_1_7_0_, teacher0_.first_name as first_na2_7_0_, teacher0_.last_name as last_nam3_7_0_ from teacher teacher0_ where teacher0_.teacher_id=?
Hibernate: select coursemate0_.course_material_id as course_m1_2_0_, coursemate0_.course_id as course_i3_2_0_, coursemate0_.url as url2_2_0_ from course_material coursemate0_ where coursemate0_.course_id=?
Hibernate: select course0_.course_id as course_i1_1_, course0_.credit as credit2_1_, course0_.teacher_id as teacher_4_1_, course0_.title as title3_1_ from course course0_ limit ?, ?
Hibernate: select teacher0_.teacher_id as teacher_1_7_0_, teacher0_.first_name as first_na2_7_0_, teacher0_.last_name as last_nam3_7_0_ from teacher teacher0_ where teacher0_.teacher_id=?
Hibernate: select coursemate0_.course_material_id as course_m1_2_0_, coursemate0_.course_id as course_i3_2_0_, coursemate0_.url as url2_2_0_ from course_material coursemate0_ where coursemate0_.course_id=?
Hibernate: select course0_.course_id as course_i1_1_, course0_.credit as credit2_1_, course0_.teacher_id as teacher_4_1_, course0_.title as title3_1_ from course course0_ limit ?, ?
Hibernate: select teacher0_.teacher_id as teacher_1_7_0_, teacher0_.first_name as first_na2_7_0_, teacher0_.last_name as last_nam3_7_0_ from teacher teacher0_ where teacher0_.teacher_id=?
Hibernate: select coursemate0_.course_material_id as course_m1_2_0_, coursemate0_.course_id as course_i3_2_0_, coursemate0_.url as url2_2_0_ from course_material coursemate0_ where coursemate0_.course_id=?
totalPages = 2
totalElements = 3
]]></system-out>
  </testcase>
  <testcase name="printfindByTitleContaining" classname="com.dailycodebuffer.spring.data.jpa.tutorial.repository.CourseRepositoryTest" time="0.06"/>
  <testcase name="printCourses" classname="com.dailycodebuffer.spring.data.jpa.tutorial.repository.CourseRepositoryTest" time="0.481">
    <error message="failed to lazily initialize a collection of role: com.dailycodebuffer.spring.data.jpa.tutorial.entity.Course.students, could not initialize proxy - no Session" type="org.hibernate.LazyInitializationException">org.hibernate.LazyInitializationException: failed to lazily initialize a collection of role: com.dailycodebuffer.spring.data.jpa.tutorial.entity.Course.students, could not initialize proxy - no Session
	at com.dailycodebuffer.spring.data.jpa.tutorial.repository.CourseRepositoryTest.printCourses(CourseRepositoryTest.java:26)
</error>
    <system-out><![CDATA[Hibernate: select course0_.course_id as course_i1_1_, course0_.credit as credit2_1_, course0_.teacher_id as teacher_4_1_, course0_.title as title3_1_ from course course0_
Hibernate: select teacher0_.teacher_id as teacher_1_7_0_, teacher0_.first_name as first_na2_7_0_, teacher0_.last_name as last_nam3_7_0_ from teacher teacher0_ where teacher0_.teacher_id=?
Hibernate: select coursemate0_.course_material_id as course_m1_2_0_, coursemate0_.course_id as course_i3_2_0_, coursemate0_.url as url2_2_0_ from course_material coursemate0_ where coursemate0_.course_id=?
Hibernate: select teacher0_.teacher_id as teacher_1_7_0_, teacher0_.first_name as first_na2_7_0_, teacher0_.last_name as last_nam3_7_0_ from teacher teacher0_ where teacher0_.teacher_id=?
Hibernate: select coursemate0_.course_material_id as course_m1_2_0_, coursemate0_.course_id as course_i3_2_0_, coursemate0_.url as url2_2_0_ from course_material coursemate0_ where coursemate0_.course_id=?
Hibernate: select teacher0_.teacher_id as teacher_1_7_0_, teacher0_.first_name as first_na2_7_0_, teacher0_.last_name as last_nam3_7_0_ from teacher teacher0_ where teacher0_.teacher_id=?
Hibernate: select coursemate0_.course_material_id as course_m1_2_0_, coursemate0_.course_id as course_i3_2_0_, coursemate0_.url as url2_2_0_ from course_material coursemate0_ where coursemate0_.course_id=?
]]></system-out>
  </testcase>
</testsuite>